<?xml version="1.0" encoding="UTF-8"?>
<testng-results ignored="0" total="1" passed="1" failed="0" skipped="0">
  <reporter-output>
  </reporter-output>
  <suite started-at="2022-07-07T18:34:26 IST" name="Default suite" finished-at="2022-07-07T18:34:26 IST" duration-ms="81">
    <groups>
    </groups>
    <test started-at="2022-07-07T18:34:26 IST" name="Default test" finished-at="2022-07-07T18:34:26 IST" duration-ms="81">
      <class name="TestCase">
        <test-method signature="aa()[pri:0, instance:TestCase@2abf4075]" started-at="2022-07-07T18:34:26 IST" name="aa" finished-at="2022-07-07T18:34:26 IST" duration-ms="16" status="PASS">
          <reporter-output>
          </reporter-output>
        </test-method> <!-- aa -->
      </class> <!-- TestCase -->
    </test> <!-- Default test -->
  </suite> <!-- Default suite -->
</testng-results>
